<?xml version="1.0" encoding="UTF-8"?>
<!-- Generated by org.testng.reporters.JUnitXMLReporter -->
<testsuite ignored="0" hostname="Harandra" failures="0" tests="5" name="Test" time="65.535" errors="0" timestamp="2024-03-01T13:58:03 IST">
  <testcase classname="com.cp.guru99.testcases.LoginPageTitleCheck" name="LOGINTITLETEST" time="0.019"/>
  <testcase classname="com.cp.guru99.testcases.LoginPageUICheck" name="LOGINUICHECK" time="0.493"/>
  <testcase classname="com.cp.guru99.testcases.PageLogin" name="login_to_page" time="3.186"/>
  <testcase classname="com.cp.guru99.testcases.HomePageTitleCheck" name="homePageTitleCheck" time="1.594"/>
  <testcase classname="com.cp.guru99.testcases.HomePageUICheck" name="homePageUICheck" time="2.43"/>
</testsuite> <!-- Test -->
