<?xml version="1.0" encoding="UTF-8"?>
<testng-results ignored="0" total="5" passed="5" failed="0" skipped="0">
  <reporter-output>
  </reporter-output>
  <suite started-at="2024-03-01T13:56:57 IST" name="Suite" finished-at="2024-03-01T13:58:03 IST" duration-ms="65535">
    <groups>
    </groups>
    <test started-at="2024-03-01T13:56:57 IST" name="Test" finished-at="2024-03-01T13:58:03 IST" duration-ms="65535">
      <class name="com.cp.guru99.testcases.LoginPageTitleCheck">
        <test-method is-config="true" signature="inittest()[pri:0, instance:com.cp.guru99.testcases.LoginPageTitleCheck@77167fb7]" started-at="2024-03-01T13:56:57 IST" name="inittest" finished-at="2024-03-01T13:57:08 IST" duration-ms="11249" status="PASS">
          <reporter-output>
          </reporter-output>
        </test-method> <!-- inittest -->
        <test-method signature="LOGINTITLETEST()[pri:0, instance:com.cp.guru99.testcases.LoginPageTitleCheck@77167fb7]" started-at="2024-03-01T13:57:08 IST" name="LOGINTITLETEST" finished-at="2024-03-01T13:57:08 IST" duration-ms="19" status="PASS">
          <reporter-output>
          </reporter-output>
        </test-method> <!-- LOGINTITLETEST -->
        <test-method is-config="true" signature="TearDown()[pri:0, instance:com.cp.guru99.testcases.LoginPageTitleCheck@77167fb7]" started-at="2024-03-01T13:57:08 IST" name="TearDown" finished-at="2024-03-01T13:57:09 IST" duration-ms="515" status="PASS">
          <reporter-output>
          </reporter-output>
        </test-method> <!-- TearDown -->
      </class> <!-- com.cp.guru99.testcases.LoginPageTitleCheck -->
      <class name="com.cp.guru99.testcases.HomePageTitleCheck">
        <test-method is-config="true" signature="inittest()[pri:0, instance:com.cp.guru99.testcases.HomePageTitleCheck@433d61fb]" started-at="2024-03-01T13:57:36 IST" name="inittest" finished-at="2024-03-01T13:57:47 IST" duration-ms="11090" status="PASS">
          <reporter-output>
          </reporter-output>
        </test-method> <!-- inittest -->
        <test-method signature="homePageTitleCheck()[pri:0, instance:com.cp.guru99.testcases.HomePageTitleCheck@433d61fb]" started-at="2024-03-01T13:57:47 IST" name="homePageTitleCheck" finished-at="2024-03-01T13:57:49 IST" duration-ms="1594" status="PASS">
          <reporter-output>
          </reporter-output>
        </test-method> <!-- homePageTitleCheck -->
        <test-method is-config="true" signature="TearDown()[pri:0, instance:com.cp.guru99.testcases.HomePageTitleCheck@433d61fb]" started-at="2024-03-01T13:57:49 IST" name="TearDown" finished-at="2024-03-01T13:57:49 IST" duration-ms="500" status="PASS">
          <reporter-output>
          </reporter-output>
        </test-method> <!-- TearDown -->
      </class> <!-- com.cp.guru99.testcases.HomePageTitleCheck -->
      <class name="com.cp.guru99.testcases.PageLogin">
        <test-method is-config="true" signature="inittest()[pri:0, instance:com.cp.guru99.testcases.PageLogin@5cee5251]" started-at="2024-03-01T13:57:20 IST" name="inittest" finished-at="2024-03-01T13:57:32 IST" duration-ms="12267" status="PASS">
          <reporter-output>
          </reporter-output>
        </test-method> <!-- inittest -->
        <test-method signature="login_to_page()[pri:0, instance:com.cp.guru99.testcases.PageLogin@5cee5251]" started-at="2024-03-01T13:57:32 IST" name="login_to_page" finished-at="2024-03-01T13:57:35 IST" duration-ms="3186" status="PASS">
          <reporter-output>
          </reporter-output>
        </test-method> <!-- login_to_page -->
        <test-method is-config="true" signature="TearDown()[pri:0, instance:com.cp.guru99.testcases.PageLogin@5cee5251]" started-at="2024-03-01T13:57:35 IST" name="TearDown" finished-at="2024-03-01T13:57:36 IST" duration-ms="534" status="PASS">
          <reporter-output>
          </reporter-output>
        </test-method> <!-- TearDown -->
      </class> <!-- com.cp.guru99.testcases.PageLogin -->
      <class name="com.cp.guru99.testcases.HomePageUICheck">
        <test-method is-config="true" signature="inittest()[pri:0, instance:com.cp.guru99.testcases.HomePageUICheck@5c909414]" started-at="2024-03-01T13:57:49 IST" name="inittest" finished-at="2024-03-01T13:58:00 IST" duration-ms="10578" status="PASS">
          <reporter-output>
          </reporter-output>
        </test-method> <!-- inittest -->
        <test-method signature="homePageUICheck()[pri:0, instance:com.cp.guru99.testcases.HomePageUICheck@5c909414]" started-at="2024-03-01T13:58:00 IST" name="homePageUICheck" finished-at="2024-03-01T13:58:02 IST" duration-ms="2430" status="PASS">
          <reporter-output>
          </reporter-output>
        </test-method> <!-- homePageUICheck -->
        <test-method is-config="true" signature="TearDown()[pri:0, instance:com.cp.guru99.testcases.HomePageUICheck@5c909414]" started-at="2024-03-01T13:58:02 IST" name="TearDown" finished-at="2024-03-01T13:58:03 IST" duration-ms="436" status="PASS">
          <reporter-output>
          </reporter-output>
        </test-method> <!-- TearDown -->
      </class> <!-- com.cp.guru99.testcases.HomePageUICheck -->
      <class name="com.cp.guru99.testcases.LoginPageUICheck">
        <test-method is-config="true" signature="inittest()[pri:0, instance:com.cp.guru99.testcases.LoginPageUICheck@7adda9cc]" started-at="2024-03-01T13:57:09 IST" name="inittest" finished-at="2024-03-01T13:57:19 IST" duration-ms="9722" status="PASS">
          <reporter-output>
          </reporter-output>
        </test-method> <!-- inittest -->
        <test-method signature="LOGINUICHECK()[pri:0, instance:com.cp.guru99.testcases.LoginPageUICheck@7adda9cc]" started-at="2024-03-01T13:57:19 IST" name="LOGINUICHECK" finished-at="2024-03-01T13:57:19 IST" duration-ms="493" status="PASS">
          <reporter-output>
          </reporter-output>
        </test-method> <!-- LOGINUICHECK -->
        <test-method is-config="true" signature="TearDown()[pri:0, instance:com.cp.guru99.testcases.LoginPageUICheck@7adda9cc]" started-at="2024-03-01T13:57:19 IST" name="TearDown" finished-at="2024-03-01T13:57:20 IST" duration-ms="846" status="PASS">
          <reporter-output>
          </reporter-output>
        </test-method> <!-- TearDown -->
      </class> <!-- com.cp.guru99.testcases.LoginPageUICheck -->
    </test> <!-- Test -->
  </suite> <!-- Suite -->
</testng-results>
