<?xml version="1.0" encoding="UTF-8"?>
<testng-results ignored="0" total="1" passed="1" failed="0" skipped="0">
  <reporter-output>
  </reporter-output>
  <suite started-at="2024-03-01T13:51:41 IST" name="Default suite" finished-at="2024-03-01T13:51:54 IST" duration-ms="13879">
    <groups>
    </groups>
    <test started-at="2024-03-01T13:51:41 IST" name="Default test" finished-at="2024-03-01T13:51:54 IST" duration-ms="13879">
      <class name="com.cp.guru99.testcases.PageLogin">
        <test-method is-config="true" signature="inittest()[pri:0, instance:com.cp.guru99.testcases.PageLogin@c8c12ac]" started-at="2024-03-01T13:51:41 IST" name="inittest" finished-at="2024-03-01T13:51:51 IST" duration-ms="10354" status="PASS">
          <reporter-output>
          </reporter-output>
        </test-method> <!-- inittest -->
        <test-method signature="login_to_page()[pri:0, instance:com.cp.guru99.testcases.PageLogin@c8c12ac]" started-at="2024-03-01T13:51:51 IST" name="login_to_page" finished-at="2024-03-01T13:51:54 IST" duration-ms="2737" status="PASS">
          <reporter-output>
          </reporter-output>
        </test-method> <!-- login_to_page -->
        <test-method is-config="true" signature="TearDown()[pri:0, instance:com.cp.guru99.testcases.PageLogin@c8c12ac]" started-at="2024-03-01T13:51:54 IST" name="TearDown" finished-at="2024-03-01T13:51:54 IST" duration-ms="749" status="PASS">
          <reporter-output>
          </reporter-output>
        </test-method> <!-- TearDown -->
      </class> <!-- com.cp.guru99.testcases.PageLogin -->
    </test> <!-- Default test -->
  </suite> <!-- Default suite -->
</testng-results>
